Command line:
   X_RAM_tb_isim_beh.exe
     -simmode  gui
     -simrunnum  0
     -socket  56671

Thu Apr 24 17:15:02 2014


 Elaboration Time: 0.02 sec

 Current Memory Usage: 196.825 Meg

 Total Signals          : 21
 Total Nets             : 33
 Total Signal Drivers   : 12
 Total Blocks           : 5
 Total Primitive Blocks : 2
 Total Processes        : 16
 Total Traceable Variables  : 30
 Total Scalar Nets and Variables : 323
Total Line Count : 53

 Total Simulation Time: 0.03 sec

 Current Memory Usage: 272.327 Meg

Thu Apr 24 17:15:43 2014

